Using pre-set license
Built from '2020.3/release' branch; Version is '2020.3.1f1 (77a89f25062f) revision 7841951'; Using compiler version '192528614'; Build Type 'Release'
OS: 'Windows 10 Home; OS build 26100.3194; Version 2009; 64bit' Language: 'en' Physical Memory: 16167 MB
BatchMode: 1, IsHumanControllingUs: 0, StartBugReporterOnCrash: 0, Is64bit: 1, IsPro: 0

 COMMAND LINE ARGUMENTS:
C:\Program Files\Unity\Editor\Unity.exe
-adb2
-batchMode
-noUpm
-name
AssetImportWorker0
-projectPath
C:/Users/saila/OneDrive/Desktop/chess final/Chess Assignment/ChessTemplate
-logFile
Logs/AssetImportWorker0.log
-srvPort
49886
Successfully changed project path to: C:/Users/saila/OneDrive/Desktop/chess final/Chess Assignment/ChessTemplate
C:/Users/saila/OneDrive/Desktop/chess final/Chess Assignment/ChessTemplate
Using Asset Import Pipeline V2.
Refreshing native plugins compatible for Editor in 52.58 ms, found 3 plugins.
Preloading 0 native plugins for Editor in 0.00 ms.
Initialize engine version: 2020.3.1f1 (77a89f25062f)
[Subsystems] Discovering subsystems at path C:/Program Files/Unity/Editor/Data/Resources/UnitySubsystems
[Subsystems] Discovering subsystems at path C:/Users/saila/OneDrive/Desktop/chess final/Chess Assignment/ChessTemplate/Assets
GfxDevice: creating device client; threaded=0
Direct3D:
    Version:  Direct3D 11.0 [level 11.1]
    Renderer: Intel(R) Iris(R) Xe Graphics (ID=0x9a49)
    Vendor:   
    VRAM:     8083 MB
    Driver:   30.0.101.1003
Initialize mono
Mono path[0] = 'C:/Program Files/Unity/Editor/Data/Managed'
Mono path[1] = 'C:/Program Files/Unity/Editor/Data/MonoBleedingEdge/lib/mono/unityjit'
Mono config path = 'C:/Program Files/Unity/Editor/Data/MonoBleedingEdge/etc'
Using monoOptions --debugger-agent=transport=dt_socket,embedding=1,server=y,suspend=n,address=127.0.0.1:56944
Begin MonoManager ReloadAssembly
Registering precompiled unity dll's ...
Register platform support module: C:/Program Files/Unity/Editor/Data/PlaybackEngines/WindowsStandaloneSupport/UnityEditor.WindowsStandalone.Extensions.dll
Registered in 0.002448 seconds.
Native extension for WindowsStandalone target not found
Refreshing native plugins compatible for Editor in 48.61 ms, found 3 plugins.
Preloading 0 native plugins for Editor in 0.00 ms.
Invoked RoslynAnalysisRunner static constructor.
RoslynAnalysisRunner will not be running.
RoslynAnalysisRunner has terminated.
Mono: successfully reloaded assembly
- Completed reload, in  1.224 seconds
Platform modules already initialized, skipping
Registering precompiled user dll's ...
Registered in 0.003613 seconds.
Begin MonoManager ReloadAssembly
Native extension for WindowsStandalone target not found
Refreshing native plugins compatible for Editor in 0.50 ms, found 3 plugins.
Preloading 0 native plugins for Editor in 0.00 ms.
Invoked RoslynAnalysisRunner static constructor.
RoslynAnalysisRunner will not be running.
RoslynAnalysisRunner has terminated.
Mono: successfully reloaded assembly
- Completed reload, in  1.239 seconds
Platform modules already initialized, skipping
========================================================================
Worker process is ready to serve import requests
Launched and connected shader compiler UnityShaderCompiler.exe after 0.07 seconds
Refreshing native plugins compatible for Editor in 0.78 ms, found 3 plugins.
Preloading 0 native plugins for Editor in 0.00 ms.
Unloading 2234 Unused Serialized files (Serialized files now loaded: 0)
System memory in use before: 98.5 MB.
System memory in use after: 98.6 MB.

Unloading 23 unused Assets to reduce memory usage. Loaded Objects now: 2669.
Total: 2.897700 ms (FindLiveObjects: 0.381300 ms CreateObjectMapping: 0.356600 ms MarkObjects: 2.083200 ms  DeleteObjects: 0.074800 ms)

========================================================================
Received Import Request.
  path: Assets/Chess/Scenes
  artifactKey: Guid(131a6b21c8605f84396be9f6751fb6e3) Importer(815301076,1909f56bfc062723c751e8b465ee728b)
Start importing Assets/Chess/Scenes using Guid(131a6b21c8605f84396be9f6751fb6e3) Importer(815301076,1909f56bfc062723c751e8b465ee728b)  -> (artifact id: '177cea1cffc2b8cacd3d3daaa58b7234') in 0.063681 seconds
  Import took 0.068105 seconds .

========================================================================
Received Import Request.
  Time since last request: 0.000296 seconds.
  path: Assets/Chess/Prefabs
  artifactKey: Guid(c1476dbb1b8b1d542aa2a81900b6d08f) Importer(815301076,1909f56bfc062723c751e8b465ee728b)
Start importing Assets/Chess/Prefabs using Guid(c1476dbb1b8b1d542aa2a81900b6d08f) Importer(815301076,1909f56bfc062723c751e8b465ee728b)  -> (artifact id: '6dc0c72c7efac2985939511cdfbc09a1') in 0.018305 seconds
  Import took 0.023839 seconds .

========================================================================
Received Import Request.
  Time since last request: 0.000397 seconds.
  path: Assets/Chess
  artifactKey: Guid(24386247b4d9e9c4f91997291028a1ef) Importer(815301076,1909f56bfc062723c751e8b465ee728b)
Start importing Assets/Chess using Guid(24386247b4d9e9c4f91997291028a1ef) Importer(815301076,1909f56bfc062723c751e8b465ee728b)  -> (artifact id: '053de0f495028034a62dda0efd890c0c') in 0.020296 seconds
  Import took 0.026620 seconds .

========================================================================
Received Import Request.
  Time since last request: 174.066643 seconds.
  path: Assets/Chess/Scripts/Core
  artifactKey: Guid(749085f6db2482d40b9117976996766d) Importer(815301076,1909f56bfc062723c751e8b465ee728b)
Start importing Assets/Chess/Scripts/Core using Guid(749085f6db2482d40b9117976996766d) Importer(815301076,1909f56bfc062723c751e8b465ee728b)  -> (artifact id: 'b885d3601053b250661e6bcec12dfce0') in 0.023943 seconds
  Import took 0.029881 seconds .

========================================================================
Received Import Request.
  Time since last request: 1.710997 seconds.
  path: Assets/Chess/Scripts/Core/ChessBoardPlacementHandler.cs
  artifactKey: Guid(3f3d5f23429045a4cb4c88de8f787398) Importer(815301076,1909f56bfc062723c751e8b465ee728b)
Start importing Assets/Chess/Scripts/Core/ChessBoardPlacementHandler.cs using Guid(3f3d5f23429045a4cb4c88de8f787398) Importer(815301076,1909f56bfc062723c751e8b465ee728b)  -> (artifact id: '7af85653a8b2e0f17703012025a7e47d') in 0.121852 seconds
  Import took 0.126066 seconds .

========================================================================
Received Import Request.
  Time since last request: 89.785578 seconds.
  path: Assets/Chess/Scripts/Core/ChessPlayerPlacementHandler.cs
  artifactKey: Guid(d7d0d607122f458d97ba7f7c19066613) Importer(815301076,1909f56bfc062723c751e8b465ee728b)
Start importing Assets/Chess/Scripts/Core/ChessPlayerPlacementHandler.cs using Guid(d7d0d607122f458d97ba7f7c19066613) Importer(815301076,1909f56bfc062723c751e8b465ee728b)  -> (artifact id: '6d5ed32945ee64f1d74ba378224896b8') in 0.023958 seconds
  Import took 0.032285 seconds .

========================================================================
Received Import Request.
  Time since last request: 36.963494 seconds.
  path: Assets/Chess/Scripts/Core/Chess.cs
  artifactKey: Guid(5d98457f6e018e140aa3773f4d1a928c) Importer(815301076,1909f56bfc062723c751e8b465ee728b)
Start importing Assets/Chess/Scripts/Core/Chess.cs using Guid(5d98457f6e018e140aa3773f4d1a928c) Importer(815301076,1909f56bfc062723c751e8b465ee728b)  -> (artifact id: 'a4a8dd2c0e25a05a6a574b9d66f83467') in 0.007922 seconds
  Import took 0.013852 seconds .

========================================================================
Received Import Request.
  Time since last request: 0.056510 seconds.
  path: Assets/Chess/Scripts/Core/Chess.cs
  artifactKey: Guid(5d98457f6e018e140aa3773f4d1a928c) Importer(815301076,1909f56bfc062723c751e8b465ee728b)
Start importing Assets/Chess/Scripts/Core/Chess.cs using Guid(5d98457f6e018e140aa3773f4d1a928c) Importer(815301076,1909f56bfc062723c751e8b465ee728b)  -> (artifact id: 'a4a8dd2c0e25a05a6a574b9d66f83467') in 0.009763 seconds
  Import took 0.020118 seconds .

========================================================================
Received Import Request.
  Time since last request: 17.419973 seconds.
  path: Assets/Chess/Scripts/Core/ChessPiece.cs
  artifactKey: Guid(5d98457f6e018e140aa3773f4d1a928c) Importer(815301076,1909f56bfc062723c751e8b465ee728b)
Start importing Assets/Chess/Scripts/Core/ChessPiece.cs using Guid(5d98457f6e018e140aa3773f4d1a928c) Importer(815301076,1909f56bfc062723c751e8b465ee728b)  -> (artifact id: '5d06883ad2d81a248f42edc04479e989') in 0.058831 seconds
  Import took 0.064553 seconds .

========================================================================
Received Import Request.
  Time since last request: 0.625715 seconds.
  path: Assets/TextMesh Pro/Fonts/LiberationSans.ttf
  artifactKey: Guid(e3265ab4bf004d28a9537516768c1c75) Importer(815301076,1909f56bfc062723c751e8b465ee728b)
Start importing Assets/TextMesh Pro/Fonts/LiberationSans.ttf using Guid(e3265ab4bf004d28a9537516768c1c75) Importer(815301076,1909f56bfc062723c751e8b465ee728b)  -> (artifact id: '3487275bb44bf150933fd66a5eba6bce') in 0.156705 seconds
  Import took 0.162357 seconds .

========================================================================
Received Import Request.
  Time since last request: 0.000335 seconds.
  path: Assets/TextMesh Pro/Resources/Fonts & Materials/LiberationSans SDF - Outline.mat
  artifactKey: Guid(79459efec17a4d00a321bdcc27bbc385) Importer(815301076,1909f56bfc062723c751e8b465ee728b)
Start importing Assets/TextMesh Pro/Resources/Fonts & Materials/LiberationSans SDF - Outline.mat using Guid(79459efec17a4d00a321bdcc27bbc385) Importer(815301076,1909f56bfc062723c751e8b465ee728b)  -> (artifact id: '410e247ae7c6c841bb98061b2d3410ec') in 0.344712 seconds
  Import took 0.348923 seconds .

========================================================================
Received Import Request.
  Time since last request: 0.000372 seconds.
  path: Assets/TextMesh Pro/Resources/Fonts & Materials/LiberationSans SDF - Fallback.asset
  artifactKey: Guid(2e498d1c8094910479dc3e1b768306a4) Importer(815301076,1909f56bfc062723c751e8b465ee728b)
Start importing Assets/TextMesh Pro/Resources/Fonts & Materials/LiberationSans SDF - Fallback.asset using Guid(2e498d1c8094910479dc3e1b768306a4) Importer(815301076,1909f56bfc062723c751e8b465ee728b)  -> (artifact id: '6a949f019665f041408bdac35bfc72ac') in 0.070754 seconds
  Import took 0.076363 seconds .

========================================================================
Received Import Request.
  Time since last request: 0.000361 seconds.
  path: Assets/TextMesh Pro/Resources/Fonts & Materials/LiberationSans SDF - Drop Shadow.mat
  artifactKey: Guid(e73a58f6e2794ae7b1b7e50b7fb811b0) Importer(815301076,1909f56bfc062723c751e8b465ee728b)
Start importing Assets/TextMesh Pro/Resources/Fonts & Materials/LiberationSans SDF - Drop Shadow.mat using Guid(e73a58f6e2794ae7b1b7e50b7fb811b0) Importer(815301076,1909f56bfc062723c751e8b465ee728b)  -> (artifact id: '583c04e90ab816d3a21d35554660159e') in 0.180747 seconds
  Import took 0.187311 seconds .

========================================================================
Received Import Request.
  Time since last request: 0.000349 seconds.
  path: Assets/TextMesh Pro/Resources/Fonts & Materials/LiberationSans SDF.asset
  artifactKey: Guid(8f586378b4e144a9851e7b34d9b748ee) Importer(815301076,1909f56bfc062723c751e8b465ee728b)
Start importing Assets/TextMesh Pro/Resources/Fonts & Materials/LiberationSans SDF.asset using Guid(8f586378b4e144a9851e7b34d9b748ee) Importer(815301076,1909f56bfc062723c751e8b465ee728b)  -> (artifact id: '2f5836c2c76a165d4711b8257a7a24ff') in 0.070492 seconds
  Import took 0.075814 seconds .

========================================================================
Received Import Request.
  Time since last request: 24.623393 seconds.
  path: Assets/Chess/Scripts/Core/ChessPlayerPlacementHandler.cs
  artifactKey: Guid(d7d0d607122f458d97ba7f7c19066613) Importer(815301076,1909f56bfc062723c751e8b465ee728b)
Start importing Assets/Chess/Scripts/Core/ChessPlayerPlacementHandler.cs using Guid(d7d0d607122f458d97ba7f7c19066613) Importer(815301076,1909f56bfc062723c751e8b465ee728b)  -> (artifact id: '1a5350b389eac728abc9afdbf0166ff3') in 0.005112 seconds
  Import took 0.012535 seconds .

========================================================================
Received Import Request.
  Time since last request: 0.001578 seconds.
  path: Assets/Chess/Scripts/Core/ChessPlayerPlacementHandler.cs
  artifactKey: Guid(d7d0d607122f458d97ba7f7c19066613) Importer(815301076,1909f56bfc062723c751e8b465ee728b)
Start importing Assets/Chess/Scripts/Core/ChessPlayerPlacementHandler.cs using Guid(d7d0d607122f458d97ba7f7c19066613) Importer(815301076,1909f56bfc062723c751e8b465ee728b)  -> (artifact id: '1a5350b389eac728abc9afdbf0166ff3') in 0.004709 seconds
  Import took 0.009458 seconds .

========================================================================
Received Import Request.
  Time since last request: 5.074963 seconds.
  path: Assets/Chess/Scripts/Core/ChessBoardPlacementHandler.cs
  artifactKey: Guid(3f3d5f23429045a4cb4c88de8f787398) Importer(815301076,1909f56bfc062723c751e8b465ee728b)
Start importing Assets/Chess/Scripts/Core/ChessBoardPlacementHandler.cs using Guid(3f3d5f23429045a4cb4c88de8f787398) Importer(815301076,1909f56bfc062723c751e8b465ee728b)  -> (artifact id: '389a2e49f57f5555f598536ee3c87637') in 0.004282 seconds
  Import took 0.009538 seconds .

========================================================================
Received Import Request.
  Time since last request: 138.826620 seconds.
  path: Assets/Chess/Scripts/Core/Bishop.cs
  artifactKey: Guid(246b4f36c77f6024fba123439aba1771) Importer(815301076,1909f56bfc062723c751e8b465ee728b)
Start importing Assets/Chess/Scripts/Core/Bishop.cs using Guid(246b4f36c77f6024fba123439aba1771) Importer(815301076,1909f56bfc062723c751e8b465ee728b)  -> (artifact id: 'b34874d6af392275162530acc4b22f20') in 0.022137 seconds
  Import took 0.028643 seconds .

========================================================================
Received Import Request.
  Time since last request: 135.657992 seconds.
  path: Assets/Chess/Scripts/Core/ChessPiece.cs
  artifactKey: Guid(5d98457f6e018e140aa3773f4d1a928c) Importer(815301076,1909f56bfc062723c751e8b465ee728b)
Start importing Assets/Chess/Scripts/Core/ChessPiece.cs using Guid(5d98457f6e018e140aa3773f4d1a928c) Importer(815301076,1909f56bfc062723c751e8b465ee728b)  -> (artifact id: '0035382ebc3167ed065ea06ca8d42d37') in 0.004718 seconds
  Import took 0.011123 seconds .

========================================================================
Received Import Request.
  Time since last request: 0.010373 seconds.
  path: Assets/Chess/Scripts/Core/ChessPiece.cs
  artifactKey: Guid(5d98457f6e018e140aa3773f4d1a928c) Importer(815301076,1909f56bfc062723c751e8b465ee728b)
Start importing Assets/Chess/Scripts/Core/ChessPiece.cs using Guid(5d98457f6e018e140aa3773f4d1a928c) Importer(815301076,1909f56bfc062723c751e8b465ee728b)  -> (artifact id: '0035382ebc3167ed065ea06ca8d42d37') in 0.005713 seconds
  Import took 0.010460 seconds .

========================================================================
Received Import Request.
  Time since last request: 2.626275 seconds.
  path: Assets/Chess/Scripts/Core/Chess.cs
  artifactKey: Guid(5d98457f6e018e140aa3773f4d1a928c) Importer(815301076,1909f56bfc062723c751e8b465ee728b)
Start importing Assets/Chess/Scripts/Core/Chess.cs using Guid(5d98457f6e018e140aa3773f4d1a928c) Importer(815301076,1909f56bfc062723c751e8b465ee728b)  -> (artifact id: '0a22a71f3b0a24a6540b3746f293c656') in 0.004387 seconds
  Import took 0.009298 seconds .

========================================================================
Received Import Request.
  Time since last request: 0.060977 seconds.
  path: Assets/Chess/Scripts/Core/Chess.cs
  artifactKey: Guid(5d98457f6e018e140aa3773f4d1a928c) Importer(815301076,1909f56bfc062723c751e8b465ee728b)
Start importing Assets/Chess/Scripts/Core/Chess.cs using Guid(5d98457f6e018e140aa3773f4d1a928c) Importer(815301076,1909f56bfc062723c751e8b465ee728b)  -> (artifact id: '0a22a71f3b0a24a6540b3746f293c656') in 0.005875 seconds
  Import took 0.011079 seconds .

AssetImportWorkerClient::OnTransportError - code=2 error=End of file
